==============================================================================
Cotrain layerwise embedding extraction
  ckpt        : /projects/CRYOEM/zhonglab/data_nmr/2026/ckpts/26-05-01-cotraining-baselines/cotrain-epoch0899-accuracy60_70.ckpt
  ckpt sigma  : 2.8268
  condition   : hcpeak
  sources     : ['nmrexp', 'spectranp', 'uspto']
  splits      : ['train', 'val', 'test']
  layers      : [-1, 0, 1, 2, 3, 4, 5, 6, 7, 8, 9, 10, 11]
  timesteps   : [0.001]
  n_samples/ds: ALL (expensive!)
==============================================================================
score_model_args[DiffusionModuleTransformer].in_atom_feature_size: {14}
score_model_args[DiffusionModuleTransformer].max_n_atoms: {306}
generate_atom_types: False
embedder_args.condition: H1C13NMRSpectrum
embedder_args.input_dims: {'h_vector': 0, 'c_vector': 0, 'h_peak_centroid': 1, 'h_peak_nH': 1, 'h_peak_width': 1, 'h_peak_multiplet': 9, 'c_peak_centroid': 1}
embedder_args.drop_transform: {'h_vector': {'type': 'zero'}, 'c_vector': {'type': 'zero'}, 'h_peak_mask': {'type': 'zero'}, 'c_peak_mask': {'type': 'zero'}}
DiffusionModuleTransformer initialized weights.
NMRTo3DStructureElucidation.dtype: torch.float32

### Source: nmrexp (nmrexp-nmrpeak, suffix=_or) ###
## Preparing data for nmrexp
## Data configs:
### remove_stereo: False
### condition: H1C13NMRSpectrum
### known_atoms: True
### max_n_h1spectra: 1
### max_n_c13spectra: 1
### max_n_conformers: 1
### Source nmrexp: train=927822, val=38171, test=76345, weight=1.0, sigma_data=2.54, max_n_atoms=100
### Spectra keys used in input generator: ['h_peak_centroid', 'h_peak_nH', 'h_peak_multiplet', 'h_peak_mask', 'c_peak_centroid', 'c_peak_mask']
### Spectra keys used in input generator: ['h_peak_centroid', 'h_peak_nH', 'h_peak_multiplet', 'h_peak_mask', 'c_peak_centroid', 'c_peak_mask']
### len(train_set): 927822 (per-source: [927822])
### len(val_set): per-source [38171]
